0 info it worked if it ends with ok
1 verbose cli [ '/usr/local/bin/node',
1 verbose cli   '/usr/local/bin/npm',
1 verbose cli   'install',
1 verbose cli   'durandal' ]
2 info using npm@3.10.3
3 info using node@v6.6.0
4 verbose config Skipping project config: /Users/ayessymkanov/.npmrc. (matches userconfig)
5 silly loadCurrentTree Starting
6 silly install loadCurrentTree
7 silly install readLocalPackageData
8 silly rollbackFailedOptional Starting
9 silly rollbackFailedOptional Finishing
10 silly runTopLevelLifecycles Starting
11 silly runTopLevelLifecycles Finishing
12 silly install printInstalled
13 verbose stack Error: Failed to parse json
13 verbose stack No data, empty input at 1:1
13 verbose stack
13 verbose stack ^
13 verbose stack     at parseError (/usr/local/lib/node_modules/npm/node_modules/read-package-json/read-json.js:390:11)
13 verbose stack     at parseJson (/usr/local/lib/node_modules/npm/node_modules/read-package-json/read-json.js:79:23)
13 verbose stack     at /usr/local/lib/node_modules/npm/node_modules/read-package-json/read-json.js:48:5
13 verbose stack     at /usr/local/lib/node_modules/npm/node_modules/graceful-fs/graceful-fs.js:78:16
13 verbose stack     at tryToString (fs.js:455:3)
13 verbose stack     at FSReqWrap.readFileAfterClose [as oncomplete] (fs.js:442:12)
14 verbose cwd /Users/ayessymkanov/Documents/satsapar
15 error Darwin 15.3.0
16 error argv "/usr/local/bin/node" "/usr/local/bin/npm" "install" "durandal"
17 error node v6.6.0
18 error npm  v3.10.3
19 error file /Users/ayessymkanov/package.json
20 error code EJSONPARSE
21 error Failed to parse json
21 error No data, empty input at 1:1
21 error
21 error ^
22 error File: /Users/ayessymkanov/package.json
23 error Failed to parse package.json data.
23 error package.json must be actual JSON, not just JavaScript.
23 error
23 error This is not a bug in npm.
23 error Tell the package author to fix their package.json file. JSON.parse
24 verbose exit [ 1, true ]
